<?xml version="1.0" encoding="UTF-8"?>
<!-- Generated by org.testng.reporters.JUnitReportReporter -->
<testsuite skipped="0" hostname="xuezhong-PC" name="com.test.CSV.TestCSV" tests="1" failures="0" timestamp="26 七月 2018 12:08:20 GMT" time="3.379" errors="0">
  <testcase name="test" time="3.379" classname="com.test.CSV.TestCSV"/>
</testsuite> <!-- com.test.CSV.TestCSV -->
