<?xml version="1.0" encoding="UTF-8"?>
<!-- Generated by org.testng.reporters.JUnitReportReporter -->
<testsuite skipped="0" hostname="xuezhong-PC" name="com.test.DB.TestMysql" tests="2" failures="0" timestamp="26 七月 2018 12:26:03 GMT" time="16.539" errors="0">
  <testcase name="testMysql" time="10.670" classname="com.test.DB.TestMysql"/>
  <testcase name="testMysql" time="5.869" classname="com.test.DB.TestMysql"/>
</testsuite> <!-- com.test.DB.TestMysql -->
