<?xml version="1.0" encoding="UTF-8"?>
<!-- Generated by org.testng.reporters.JUnitReportReporter -->
<testsuite skipped="0" hostname="xuezhong-PC" name="com.test.testSeleniumMethod.TestSeleniumMethod" tests="1" failures="0" timestamp="27 七月 2018 11:41:24 GMT" time="6.544" errors="0">
  <testcase name="modifySex" time="6.544" classname="com.test.testSeleniumMethod.TestSeleniumMethod"/>
</testsuite> <!-- com.test.testSeleniumMethod.TestSeleniumMethod -->
